<?xml version="1.0" encoding="UTF-8"?>
<!-- Generated by org.testng.reporters.JUnitXMLReporter -->
<testsuite ignored="0" hostname="ZC-Dakshita-Dhaundiyals-MacBook-Pro.local" failures="0" tests="3" name="Surefire test" time="44.611" errors="0" timestamp="17 May 2022 04:27:15 GMT">
  <testcase classname="AsteriodApiTest" name="validate_get_status_code" time="10.238"/>
  <testcase classname="AsteriodApiTest" name="verify_query_params" time="27.771"/>
  <testcase classname="EarthDataTest" name="validate_response" time="6.556"/>
</testsuite> <!-- Surefire test -->
