<?xml version="1.0" encoding="UTF-8"?>
<!-- Generated by org.testng.reporters.JUnitXMLReporter -->
<testsuite ignored="0" hostname="ZC-Dakshita-Dhaundiyals-MacBook-Pro.local" failures="2" tests="5" name="Surefire test" time="10.583" errors="0" timestamp="31 Mar 2022 17:00:00 GMT">
  <testcase classname="EmpRecordResponseTest" name="employee_record_extract_response" time="7.49"/>
  <testcase classname="EmpResponseMsgTest" name="validate_msg" time="0.727">
    <failure type="java.lang.ClassCastException" message="class io.restassured.path.xml.XmlPath cannot be cast to class java.lang.String (io.restassured.path.xml.XmlPath is in unnamed module of loader &amp;apos;app&amp;apos;; java.lang.String is in module java.base of loader &amp;apos;bootstrap&amp;apos;)">
      <![CDATA[java.lang.ClassCastException: class io.restassured.path.xml.XmlPath cannot be cast to class java.lang.String (io.restassured.path.xml.XmlPath is in unnamed module of loader 'app'; java.lang.String is in module java.base of loader 'bootstrap')
at EmpResponseMsgTest.validate_msg(EmpResponseMsgTest.java:22)
... Removed 28 stack frames]]>
    </failure>
  </testcase> <!-- validate_msg -->
  <testcase classname="com.rest.AllEmployeeTest" name="validate_get_status_code" time="0.729"/>
  <testcase classname="com.rest.AllEmployeeTest" name="verifyImageIsEmptyForAllEmployee" time="0.8">
    <failure type="java.lang.IllegalStateException" message="Cannot parse object because no supported Content-Type was specified in response. Content-Type was &amp;apos;text/html; charset=UTF-8&amp;apos;.">
      <![CDATA[java.lang.IllegalStateException: Cannot parse object because no supported Content-Type was specified in response. Content-Type was 'text/html; charset=UTF-8'.
at org.codehaus.groovy.runtime.callsite.ConstructorSite$ConstructorSiteNoUnwrapNoCoerce.callConstructor(ConstructorSite.java:108)
at org.codehaus.groovy.runtime.callsite.CallSiteArray.defaultCallConstructor(CallSiteArray.java:58)
at org.codehaus.groovy.runtime.callsite.AbstractCallSite.callConstructor(AbstractCallSite.java:263)
at org.codehaus.groovy.runtime.callsite.AbstractCallSite.callConstructor(AbstractCallSite.java:277)
at io.restassured.internal.mapping.ObjectMapping.deserialize(ObjectMapping.groovy:95)
at io.restassured.internal.mapping.ObjectMapping$deserialize.call(Unknown Source)
at org.codehaus.groovy.runtime.callsite.CallSiteArray.defaultCall(CallSiteArray.java:46)
at org.codehaus.groovy.runtime.callsite.AbstractCallSite.call(AbstractCallSite.java:125)
at io.restassured.internal.RestAssuredResponseOptionsGroovyImpl.as(RestAssuredResponseOptionsGroovyImpl.groovy:231)
at io.restassured.internal.RestAssuredResponseOptionsImpl.as(RestAssuredResponseOptionsImpl.java:169)
at com.rest.AllEmployeeTest.verifyImageIsEmptyForAllEmployee(AllEmployeeTest.java:38)
... Removed 32 stack frames]]>
    </failure>
  </testcase> <!-- verifyImageIsEmptyForAllEmployee -->
  <testcase classname="com.rest.EmpRecordStatusTest" name="single_employee_record_status_code" time="0.783"/>
</testsuite> <!-- Surefire test -->
