<?xml version="1.0" encoding="UTF-8"?>
<testng-results ignored="0" total="3" passed="3" failed="0" skipped="0">
  <reporter-output>
  </reporter-output>
  <suite started-at="2022-05-17T04:26:30Z" name="Surefire suite" finished-at="2022-05-17T04:27:15Z" duration-ms="44611">
    <groups>
    </groups>
    <test started-at="2022-05-17T04:26:30Z" name="Surefire test" finished-at="2022-05-17T04:27:15Z" duration-ms="44611">
      <class name="AsteriodApiTest">
        <test-method signature="validate_get_status_code()[pri:0, instance:AsteriodApiTest@50b0bc4c]" started-at="2022-05-17T04:26:31Z" name="validate_get_status_code" description="To Verify the status code 200 of SBDB Close-Approach Data  Asteriods API" finished-at="2022-05-17T04:26:41Z" duration-ms="10238" status="PASS">
          <reporter-output>
          </reporter-output>
        </test-method> <!-- validate_get_status_code -->
        <test-method signature="verify_query_params()[pri:0, instance:AsteriodApiTest@50b0bc4c]" started-at="2022-05-17T04:26:41Z" name="verify_query_params" description="To Verify the QueryParams In The API" finished-at="2022-05-17T04:27:09Z" duration-ms="27771" status="PASS">
          <reporter-output>
          </reporter-output>
        </test-method> <!-- verify_query_params -->
      </class> <!-- AsteriodApiTest -->
      <class name="EarthDataTest">
        <test-method signature="validate_response()[pri:0, instance:EarthDataTest@c20be82]" started-at="2022-05-17T04:27:09Z" name="validate_response" description="Verify the matchers in the response body " finished-at="2022-05-17T04:27:15Z" duration-ms="6556" status="PASS">
          <reporter-output>
          </reporter-output>
        </test-method> <!-- validate_response -->
      </class> <!-- EarthDataTest -->
    </test> <!-- Surefire test -->
  </suite> <!-- Surefire suite -->
</testng-results>
